filterusersmonitor
filterdnsresolver
filteripblacklist
filtersimilarity
filtereventchain
filtermanytomany
filterhostcommon
filteronetomany
filtermanytoone
filternewevent
filtersamename
filteronetoone
filterpython
filter

triggerwhois
triggersnortsam
triggerextapp
triggerjabber
triggerpython
triggerfile
triggermail
triggergg
trigger

persistencypostgres
persistencystubs
persistency

inputprelude
inputfile
input

core
coretypes
datafacades
plugins
rfcio
xml
configio
configconsts
commons
logger
mail
system
base
algo
preprocessor
pythonapi

acarmng
ppcheck
pdump
logsplitter
